#-----------------------------------------------------------
# Vivado v2018.2 (64-bit)
# SW Build 2258646 on Thu Jun 14 20:03:12 MDT 2018
# IP Build 2256618 on Thu Jun 14 22:10:49 MDT 2018
# Start of session at: Thu May  2 12:07:21 2024
# Process ID: 23276
# Current directory: D:/Sem 2/Computer Organization and Digital Design/Nanoprocessor_Updated
# Command line: vivado.exe -gui_launcher_event rodinguilauncherevent3112 D:\Sem 2\Computer Organization and Digital Design\Nanoprocessor_Updated\Nanoprocessor_Updated.xpr
# Log file: D:/Sem 2/Computer Organization and Digital Design/Nanoprocessor_Updated/vivado.log
# Journal file: D:/Sem 2/Computer Organization and Digital Design/Nanoprocessor_Updated\vivado.jou
#-----------------------------------------------------------
start_gui
open_project {D:/Sem 2/Computer Organization and Digital Design/Nanoprocessor_Updated/Nanoprocessor_Updated.xpr}
Scanning sources...
Finished scanning sources
INFO: [IP_Flow 19-234] Refreshing IP repositories
INFO: [IP_Flow 19-1704] No user IP repositories specified
INFO: [IP_Flow 19-2313] Loaded Vivado IP repository 'D:/Vivado/2018.2/data/ip'.
open_project: Time (s): cpu = 00:00:07 ; elapsed = 00:00:08 . Memory (MB): peak = 921.203 ; gain = 163.641
update_compile_order -fileset sources_1
exit
INFO: [Common 17-206] Exiting Vivado at Thu May  2 12:08:12 2024...
